have_header: checking for vm_core.h... -------------------- no

"gcc -o conftest -IC:/RailsInstaller/Ruby1.9.3/include/ruby-1.9.1/i386-mingw32 -IC:/RailsInstaller/Ruby1.9.3/include/ruby-1.9.1/ruby/backward -IC:/RailsInstaller/Ruby1.9.3/include/ruby-1.9.1 -I.     -O3 -fno-omit-frame-pointer -g -Wextra -Wno-unused-parameter -Wno-parentheses -Wno-long-long -Wno-missing-field-initializers -Wpointer-arith -Wwrite-strings -Wdeclaration-after-statement -Wimplicit-function-declaration conftest.c  -L. -LC:/RailsInstaller/Ruby1.9.3/lib -L.      -lmsvcrt-ruby191  -lshell32 -lws2_32 -limagehlp  "
checked program was:
/* begin */
1: #include "ruby.h"
2: 
3: #include <winsock2.h>
4: #include <windows.h>
5: int main() {return 0;}
/* end */

"gcc -E -IC:/RailsInstaller/Ruby1.9.3/include/ruby-1.9.1/i386-mingw32 -IC:/RailsInstaller/Ruby1.9.3/include/ruby-1.9.1/ruby/backward -IC:/RailsInstaller/Ruby1.9.3/include/ruby-1.9.1 -I.     -O3 -fno-omit-frame-pointer -g -Wextra -Wno-unused-parameter -Wno-parentheses -Wno-long-long -Wno-missing-field-initializers -Wpointer-arith -Wwrite-strings -Wdeclaration-after-statement -Wimplicit-function-declaration  conftest.c -o conftest.i"
conftest.c:5:21: fatal error: vm_core.h: No such file or directory
compilation terminated.
checked program was:
/* begin */
1: #include "ruby.h"
2: 
3: #include <winsock2.h>
4: #include <windows.h>
5: #include <vm_core.h>
/* end */

--------------------

have_header: checking for vm_core.h... -------------------- no

"gcc -E -IC:/RailsInstaller/Ruby1.9.3/include/ruby-1.9.1/i386-mingw32 -IC:/RailsInstaller/Ruby1.9.3/include/ruby-1.9.1/ruby/backward -IC:/RailsInstaller/Ruby1.9.3/include/ruby-1.9.1 -I. -IC:/RailsInstaller/Ruby1.9.3/include/ruby-1.9.1/ruby-1.9.3-p125  -O3 -fno-omit-frame-pointer -g -Wextra -Wno-unused-parameter -Wno-parentheses -Wno-long-long -Wno-missing-field-initializers -Wpointer-arith -Wwrite-strings -Wdeclaration-after-statement -Wimplicit-function-declaration  conftest.c -o conftest.i"
conftest.c:5:21: fatal error: vm_core.h: No such file or directory
compilation terminated.
checked program was:
/* begin */
1: #include "ruby.h"
2: 
3: #include <winsock2.h>
4: #include <windows.h>
5: #include <vm_core.h>
/* end */

--------------------

have_header: checking for vm_core.h... -------------------- yes

"gcc -E -IC:/RailsInstaller/Ruby1.9.3/include/ruby-1.9.1/i386-mingw32 -IC:/RailsInstaller/Ruby1.9.3/include/ruby-1.9.1/ruby/backward -IC:/RailsInstaller/Ruby1.9.3/include/ruby-1.9.1 -I. -IC:/Sites/RP/RecipePower-source/eventmachine/ruby/1.9.1/gems/debugger-ruby_core_source-1.1.4/lib/debugger/ruby_core_source/ruby-1.9.3-p125  -O3 -fno-omit-frame-pointer -g -Wextra -Wno-unused-parameter -Wno-parentheses -Wno-long-long -Wno-missing-field-initializers -Wpointer-arith -Wwrite-strings -Wdeclaration-after-statement -Wimplicit-function-declaration  conftest.c -o conftest.i"
checked program was:
/* begin */
1: #include "ruby.h"
2: 
3: #include <winsock2.h>
4: #include <windows.h>
5: #include <vm_core.h>
/* end */

--------------------

have_header: checking for version.h... -------------------- yes

"gcc -E -IC:/RailsInstaller/Ruby1.9.3/include/ruby-1.9.1/i386-mingw32 -IC:/RailsInstaller/Ruby1.9.3/include/ruby-1.9.1/ruby/backward -IC:/RailsInstaller/Ruby1.9.3/include/ruby-1.9.1 -I. -IC:/Sites/RP/RecipePower-source/eventmachine/ruby/1.9.1/gems/debugger-ruby_core_source-1.1.4/lib/debugger/ruby_core_source/ruby-1.9.3-p125  -O3 -fno-omit-frame-pointer -g -Wextra -Wno-unused-parameter -Wno-parentheses -Wno-long-long -Wno-missing-field-initializers -Wpointer-arith -Wwrite-strings -Wdeclaration-after-statement -Wimplicit-function-declaration  conftest.c -o conftest.i"
checked program was:
/* begin */
1: #include "ruby.h"
2: 
3: #include <winsock2.h>
4: #include <windows.h>
5: #include <version.h>
/* end */

--------------------

